0 info it worked if it ends with ok
1 verbose cli [ '/usr/bin/node', '/usr/bin/npm', 'install', '-g', 'jasmine' ]
2 info using npm@3.5.2
3 info using node@v8.10.0
4 silly loadCurrentTree Starting
5 silly install loadCurrentTree
6 silly install readGlobalPackageData
7 silly fetchPackageMetaData jasmine
8 silly fetchNamedPackageData jasmine
9 silly mapToRegistry name jasmine
10 silly mapToRegistry using default registry
11 silly mapToRegistry registry https://registry.npmjs.org/
12 silly mapToRegistry uri https://registry.npmjs.org/jasmine
13 verbose request uri https://registry.npmjs.org/jasmine
14 verbose request no auth needed
15 info attempt registry request try #1 at 10:59:46 PM
16 verbose request id 67cd6b539f7741bb
17 http request GET https://registry.npmjs.org/jasmine
18 http 200 https://registry.npmjs.org/jasmine
19 verbose headers { date: 'Tue, 19 Jan 2021 21:59:45 GMT',
19 verbose headers   'content-type': 'application/json',
19 verbose headers   'transfer-encoding': 'chunked',
19 verbose headers   connection: 'keep-alive',
19 verbose headers   'set-cookie':
19 verbose headers    [ '__cfduid=d64c2224c99c9c5cb41776aa4122d201e1611093585; expires=Thu, 18-Feb-21 21:59:45 GMT; path=/; domain=.npmjs.org; HttpOnly; SameSite=Lax' ],
19 verbose headers   'cf-ray': '6143d31a89d82355-ZRH',
19 verbose headers   age: '5877',
19 verbose headers   'cache-control': 'public, max-age=300',
19 verbose headers   etag: 'W/"d235fbf30149347eb5077f08dcc4b523"',
19 verbose headers   'last-modified': 'Mon, 18 Jan 2021 22:51:43 GMT',
19 verbose headers   vary: 'accept-encoding, accept',
19 verbose headers   'cf-cache-status': 'HIT',
19 verbose headers   'cf-request-id': '07be42449100002355cd881000000001',
19 verbose headers   'expect-ct': 'max-age=604800, report-uri="https://report-uri.cloudflare.com/cdn-cgi/beacon/expect-ct"',
19 verbose headers   server: 'cloudflare',
19 verbose headers   'content-encoding': 'gzip' }
20 silly get cb [ 200,
20 silly get   { date: 'Tue, 19 Jan 2021 21:59:45 GMT',
20 silly get     'content-type': 'application/json',
20 silly get     'transfer-encoding': 'chunked',
20 silly get     connection: 'keep-alive',
20 silly get     'set-cookie':
20 silly get      [ '__cfduid=d64c2224c99c9c5cb41776aa4122d201e1611093585; expires=Thu, 18-Feb-21 21:59:45 GMT; path=/; domain=.npmjs.org; HttpOnly; SameSite=Lax' ],
20 silly get     'cf-ray': '6143d31a89d82355-ZRH',
20 silly get     age: '5877',
20 silly get     'cache-control': 'public, max-age=300',
20 silly get     etag: 'W/"d235fbf30149347eb5077f08dcc4b523"',
20 silly get     'last-modified': 'Mon, 18 Jan 2021 22:51:43 GMT',
20 silly get     vary: 'accept-encoding, accept',
20 silly get     'cf-cache-status': 'HIT',
20 silly get     'cf-request-id': '07be42449100002355cd881000000001',
20 silly get     'expect-ct': 'max-age=604800, report-uri="https://report-uri.cloudflare.com/cdn-cgi/beacon/expect-ct"',
20 silly get     server: 'cloudflare',
20 silly get     'content-encoding': 'gzip' } ]
21 verbose get saving jasmine to /home/lee/.npm/registry.npmjs.org/jasmine/.cache.json
22 verbose makeDirectory /home/lee/.npm creation not in flight; initializing
23 silly makeDirectory /home/lee/.npm uid: 1000 gid: 1000
24 silly install normalizeTree
25 silly loadCurrentTree Finishing
26 silly loadIdealTree Starting
27 silly install loadIdealTree
28 silly cloneCurrentTree Starting
29 silly install cloneCurrentTreeToIdealTree
30 silly cloneCurrentTree Finishing
31 silly loadShrinkwrap Starting
32 silly install loadShrinkwrap
33 silly loadShrinkwrap Finishing
34 silly loadAllDepsIntoIdealTree Starting
35 silly install loadAllDepsIntoIdealTree
36 silly resolveWithNewModule jasmine@3.6.4 checking installable status
37 silly cache add args [ 'jasmine', null ]
38 verbose cache add spec jasmine
39 silly cache add parsed spec Result {
39 silly cache add   raw: 'jasmine',
39 silly cache add   scope: null,
39 silly cache add   name: 'jasmine',
39 silly cache add   rawSpec: '',
39 silly cache add   spec: 'latest',
39 silly cache add   type: 'tag' }
40 silly addNamed jasmine@latest
41 verbose addNamed "latest" is being treated as a dist-tag for jasmine
42 info addNameTag [ 'jasmine', 'latest' ]
43 silly mapToRegistry name jasmine
44 silly mapToRegistry using default registry
45 silly mapToRegistry registry https://registry.npmjs.org/
46 silly mapToRegistry uri https://registry.npmjs.org/jasmine
47 verbose addNameTag registry:https://registry.npmjs.org/jasmine not in flight; fetching
48 verbose get https://registry.npmjs.org/jasmine not expired, no request
49 silly addNameTag next cb for jasmine with tag latest
50 silly addNamed jasmine@3.6.4
51 verbose addNamed "3.6.4" is a plain semver version for jasmine
52 silly mapToRegistry name jasmine
53 silly mapToRegistry using default registry
54 silly mapToRegistry registry https://registry.npmjs.org/
55 silly mapToRegistry uri https://registry.npmjs.org/jasmine
56 verbose addRemoteTarball https://registry.npmjs.org/jasmine/-/jasmine-3.6.4.tgz not in flight; adding
57 verbose addRemoteTarball [ 'https://registry.npmjs.org/jasmine/-/jasmine-3.6.4.tgz',
57 verbose addRemoteTarball   '1f8e4a0d5028a2dc66942b73b9fef4c32be97ad5' ]
58 info retry fetch attempt 1 at 10:59:46 PM
59 info attempt registry request try #1 at 10:59:46 PM
60 http fetch GET https://registry.npmjs.org/jasmine/-/jasmine-3.6.4.tgz
61 http fetch 200 https://registry.npmjs.org/jasmine/-/jasmine-3.6.4.tgz
62 silly fetchAndShaCheck shasum 1f8e4a0d5028a2dc66942b73b9fef4c32be97ad5
63 verbose addTmpTarball /tmp/npm-1761-04851a1d/registry.npmjs.org/jasmine/-/jasmine-3.6.4.tgz not in flight; adding
64 verbose addTmpTarball already have metadata; skipping unpack for jasmine@3.6.4
65 silly cache afterAdd jasmine@3.6.4
66 verbose afterAdd /home/lee/.npm/jasmine/3.6.4/package/package.json not in flight; writing
67 verbose afterAdd /home/lee/.npm/jasmine/3.6.4/package/package.json written
68 silly fetchNamedPackageData glob
69 silly mapToRegistry name glob
70 silly mapToRegistry using default registry
71 silly mapToRegistry registry https://registry.npmjs.org/
72 silly mapToRegistry uri https://registry.npmjs.org/glob
73 silly fetchNamedPackageData jasmine-core
74 silly mapToRegistry name jasmine-core
75 silly mapToRegistry using default registry
76 silly mapToRegistry registry https://registry.npmjs.org/
77 silly mapToRegistry uri https://registry.npmjs.org/jasmine-core
78 verbose request uri https://registry.npmjs.org/glob
79 verbose request no auth needed
80 info attempt registry request try #1 at 10:59:46 PM
81 http request GET https://registry.npmjs.org/glob
82 verbose request uri https://registry.npmjs.org/jasmine-core
83 verbose request no auth needed
84 info attempt registry request try #1 at 10:59:46 PM
85 http request GET https://registry.npmjs.org/jasmine-core
86 http 200 https://registry.npmjs.org/glob
87 verbose headers { date: 'Tue, 19 Jan 2021 21:59:45 GMT',
87 verbose headers   'content-type': 'application/json',
87 verbose headers   'transfer-encoding': 'chunked',
87 verbose headers   connection: 'keep-alive',
87 verbose headers   'set-cookie':
87 verbose headers    [ '__cfduid=d64c2224c99c9c5cb41776aa4122d201e1611093585; expires=Thu, 18-Feb-21 21:59:45 GMT; path=/; domain=.npmjs.org; HttpOnly; SameSite=Lax' ],
87 verbose headers   'cf-ray': '6143d31c0dbe2355-ZRH',
87 verbose headers   age: '403',
87 verbose headers   'cache-control': 'public, max-age=300',
87 verbose headers   etag: 'W/"66949bec667c0c12f2723aeee42ff008"',
87 verbose headers   'last-modified': 'Tue, 12 Jan 2021 23:47:13 GMT',
87 verbose headers   vary: 'accept-encoding, accept',
87 verbose headers   'cf-cache-status': 'HIT',
87 verbose headers   'cf-request-id': '07be42458200002355fea9f000000001',
87 verbose headers   'expect-ct': 'max-age=604800, report-uri="https://report-uri.cloudflare.com/cdn-cgi/beacon/expect-ct"',
87 verbose headers   server: 'cloudflare',
87 verbose headers   'content-encoding': 'gzip' }
88 silly get cb [ 200,
88 silly get   { date: 'Tue, 19 Jan 2021 21:59:45 GMT',
88 silly get     'content-type': 'application/json',
88 silly get     'transfer-encoding': 'chunked',
88 silly get     connection: 'keep-alive',
88 silly get     'set-cookie':
88 silly get      [ '__cfduid=d64c2224c99c9c5cb41776aa4122d201e1611093585; expires=Thu, 18-Feb-21 21:59:45 GMT; path=/; domain=.npmjs.org; HttpOnly; SameSite=Lax' ],
88 silly get     'cf-ray': '6143d31c0dbe2355-ZRH',
88 silly get     age: '403',
88 silly get     'cache-control': 'public, max-age=300',
88 silly get     etag: 'W/"66949bec667c0c12f2723aeee42ff008"',
88 silly get     'last-modified': 'Tue, 12 Jan 2021 23:47:13 GMT',
88 silly get     vary: 'accept-encoding, accept',
88 silly get     'cf-cache-status': 'HIT',
88 silly get     'cf-request-id': '07be42458200002355fea9f000000001',
88 silly get     'expect-ct': 'max-age=604800, report-uri="https://report-uri.cloudflare.com/cdn-cgi/beacon/expect-ct"',
88 silly get     server: 'cloudflare',
88 silly get     'content-encoding': 'gzip' } ]
89 verbose get saving glob to /home/lee/.npm/registry.npmjs.org/glob/.cache.json
90 silly resolveWithNewModule glob@7.1.6 checking installable status
91 silly cache add args [ 'glob@^7.1.6', null ]
92 verbose cache add spec glob@^7.1.6
93 silly cache add parsed spec Result {
93 silly cache add   raw: 'glob@^7.1.6',
93 silly cache add   scope: null,
93 silly cache add   name: 'glob',
93 silly cache add   rawSpec: '^7.1.6',
93 silly cache add   spec: '>=7.1.6 <8.0.0',
93 silly cache add   type: 'range' }
94 silly addNamed glob@>=7.1.6 <8.0.0
95 verbose addNamed ">=7.1.6 <8.0.0" is a valid semver range for glob
96 silly addNameRange { name: 'glob', range: '>=7.1.6 <8.0.0', hasData: false }
97 silly mapToRegistry name glob
98 silly mapToRegistry using default registry
99 silly mapToRegistry registry https://registry.npmjs.org/
100 silly mapToRegistry uri https://registry.npmjs.org/glob
101 verbose addNameRange registry:https://registry.npmjs.org/glob not in flight; fetching
102 verbose get https://registry.npmjs.org/glob not expired, no request
103 silly addNameRange number 2 { name: 'glob', range: '>=7.1.6 <8.0.0', hasData: true }
104 silly addNameRange versions [ 'glob',
104 silly addNameRange   [ '1.1.0',
104 silly addNameRange     '2.0.9',
104 silly addNameRange     '2.0.8',
104 silly addNameRange     '2.0.7',
104 silly addNameRange     '2.1.0',
104 silly addNameRange     '3.0.0',
104 silly addNameRange     '3.0.1',
104 silly addNameRange     '3.1.0',
104 silly addNameRange     '3.1.1',
104 silly addNameRange     '3.1.2',
104 silly addNameRange     '3.1.3',
104 silly addNameRange     '3.1.4',
104 silly addNameRange     '3.1.5',
104 silly addNameRange     '3.1.6',
104 silly addNameRange     '3.1.7',
104 silly addNameRange     '3.1.9',
104 silly addNameRange     '3.1.10',
104 silly addNameRange     '3.1.11',
104 silly addNameRange     '3.1.12',
104 silly addNameRange     '3.1.13',
104 silly addNameRange     '3.1.14',
104 silly addNameRange     '3.1.15',
104 silly addNameRange     '3.1.16',
104 silly addNameRange     '3.1.17',
104 silly addNameRange     '3.1.18',
104 silly addNameRange     '3.1.19',
104 silly addNameRange     '3.1.20',
104 silly addNameRange     '3.1.21',
104 silly addNameRange     '3.2.0',
104 silly addNameRange     '3.2.1',
104 silly addNameRange     '3.2.3',
104 silly addNameRange     '3.2.4',
104 silly addNameRange     '3.2.5',
104 silly addNameRange     '3.2.6',
104 silly addNameRange     '3.2.7',
104 silly addNameRange     '3.2.8',
104 silly addNameRange     '3.2.9',
104 silly addNameRange     '3.2.10',
104 silly addNameRange     '3.2.11',
104 silly addNameRange     '4.0.0',
104 silly addNameRange     '4.0.1',
104 silly addNameRange     '4.0.2',
104 silly addNameRange     '4.0.3',
104 silly addNameRange     '4.0.4',
104 silly addNameRange     '4.0.5',
104 silly addNameRange     '4.0.6',
104 silly addNameRange     '4.1.2-beta',
104 silly addNameRange     '4.1.2',
104 silly addNameRange     '4.1.3',
104 silly addNameRange     '4.1.4',
104 silly addNameRange     '4.1.5',
104 silly addNameRange     '4.1.6',
104 silly addNameRange     '4.2.0',
104 silly addNameRange     '4.2.1',
104 silly addNameRange     '4.2.2',
104 silly addNameRange     '4.3.0',
104 silly addNameRange     '4.3.1',
104 silly addNameRange     '4.3.2',
104 silly addNameRange     '4.3.3',
104 silly addNameRange     '4.3.4',
104 silly addNameRange     '4.3.5',
104 silly addNameRange     '4.4.0',
104 silly addNameRange     '4.4.2',
104 silly addNameRange     '4.5.0',
104 silly addNameRange     '5.0.0',
104 silly addNameRange     '4.5.1',
104 silly addNameRange     '5.0.1',
104 silly addNameRange     '4.5.2',
104 silly addNameRange     '5.0.2',
104 silly addNameRange     '4.5.3',
104 silly addNameRange     '5.0.3',
104 silly addNameRange     '5.0.4',
104 silly addNameRange     '5.0.5',
104 silly addNameRange     '5.0.6',
104 silly addNameRange     '5.0.7',
104 silly addNameRange     '5.0.9',
104 silly addNameRange     '5.0.10',
104 silly addNameRange     '5.0.11',
104 silly addNameRange     '5.0.12',
104 silly addNameRange     '5.0.13',
104 silly addNameRange     '5.0.14',
104 silly addNameRange     '5.0.15',
104 silly addNameRange     '6.0.1',
104 silly addNameRange     '6.0.2',
104 silly addNameRange     '6.0.3',
104 silly addNameRange     '6.0.4',
104 silly addNameRange     '7.0.0',
104 silly addNameRange     '7.0.1',
104 silly addNameRange     '7.0.3',
104 silly addNameRange     '7.0.4',
104 silly addNameRange     '7.0.5',
104 silly addNameRange     '7.0.6',
104 silly addNameRange     '7.1.0',
104 silly addNameRange     '7.1.1',
104 silly addNameRange     '7.1.2',
104 silly addNameRange     '7.1.3',
104 silly addNameRange     '7.1.4',
104 silly addNameRange     '7.1.5',
104 silly addNameRange     '7.1.6' ] ]
105 silly addNamed glob@7.1.6
106 verbose addNamed "7.1.6" is a plain semver version for glob
107 silly mapToRegistry name glob
108 silly mapToRegistry using default registry
109 silly mapToRegistry registry https://registry.npmjs.org/
110 silly mapToRegistry uri https://registry.npmjs.org/glob
111 verbose addRemoteTarball https://registry.npmjs.org/glob/-/glob-7.1.6.tgz not in flight; adding
112 verbose addRemoteTarball [ 'https://registry.npmjs.org/glob/-/glob-7.1.6.tgz',
112 verbose addRemoteTarball   '141f33b81a7c2492e125594307480c46679278a6' ]
113 info retry fetch attempt 1 at 10:59:47 PM
114 info attempt registry request try #1 at 10:59:47 PM
115 http fetch GET https://registry.npmjs.org/glob/-/glob-7.1.6.tgz
116 http 200 https://registry.npmjs.org/jasmine-core
117 verbose headers { date: 'Tue, 19 Jan 2021 21:59:45 GMT',
117 verbose headers   'content-type': 'application/json',
117 verbose headers   'transfer-encoding': 'chunked',
117 verbose headers   connection: 'keep-alive',
117 verbose headers   'set-cookie':
117 verbose headers    [ '__cfduid=ddff360a045dc0b41f9be7cb926e94e981611093585; expires=Thu, 18-Feb-21 21:59:45 GMT; path=/; domain=.npmjs.org; HttpOnly; SameSite=Lax' ],
117 verbose headers   'cf-ray': '6143d31c6f4023af-ZRH',
117 verbose headers   age: '2971',
117 verbose headers   'cache-control': 'public, max-age=300',
117 verbose headers   etag: 'W/"f934715acbff197b3992c251d36e4fdb"',
117 verbose headers   'last-modified': 'Thu, 23 Jul 2020 23:26:39 GMT',
117 verbose headers   vary: 'accept-encoding, accept',
117 verbose headers   'cf-cache-status': 'HIT',
117 verbose headers   'cf-request-id': '07be4245c3000023af8b364000000001',
117 verbose headers   'expect-ct': 'max-age=604800, report-uri="https://report-uri.cloudflare.com/cdn-cgi/beacon/expect-ct"',
117 verbose headers   server: 'cloudflare',
117 verbose headers   'content-encoding': 'gzip' }
118 silly get cb [ 200,
118 silly get   { date: 'Tue, 19 Jan 2021 21:59:45 GMT',
118 silly get     'content-type': 'application/json',
118 silly get     'transfer-encoding': 'chunked',
118 silly get     connection: 'keep-alive',
118 silly get     'set-cookie':
118 silly get      [ '__cfduid=ddff360a045dc0b41f9be7cb926e94e981611093585; expires=Thu, 18-Feb-21 21:59:45 GMT; path=/; domain=.npmjs.org; HttpOnly; SameSite=Lax' ],
118 silly get     'cf-ray': '6143d31c6f4023af-ZRH',
118 silly get     age: '2971',
118 silly get     'cache-control': 'public, max-age=300',
118 silly get     etag: 'W/"f934715acbff197b3992c251d36e4fdb"',
118 silly get     'last-modified': 'Thu, 23 Jul 2020 23:26:39 GMT',
118 silly get     vary: 'accept-encoding, accept',
118 silly get     'cf-cache-status': 'HIT',
118 silly get     'cf-request-id': '07be4245c3000023af8b364000000001',
118 silly get     'expect-ct': 'max-age=604800, report-uri="https://report-uri.cloudflare.com/cdn-cgi/beacon/expect-ct"',
118 silly get     server: 'cloudflare',
118 silly get     'content-encoding': 'gzip' } ]
119 verbose get saving jasmine-core to /home/lee/.npm/registry.npmjs.org/jasmine-core/.cache.json
120 silly resolveWithNewModule jasmine-core@3.6.0 checking installable status
121 silly cache add args [ 'jasmine-core@~3.6.0', null ]
122 verbose cache add spec jasmine-core@~3.6.0
123 silly cache add parsed spec Result {
123 silly cache add   raw: 'jasmine-core@~3.6.0',
123 silly cache add   scope: null,
123 silly cache add   name: 'jasmine-core',
123 silly cache add   rawSpec: '~3.6.0',
123 silly cache add   spec: '>=3.6.0 <3.7.0',
123 silly cache add   type: 'range' }
124 silly addNamed jasmine-core@>=3.6.0 <3.7.0
125 verbose addNamed ">=3.6.0 <3.7.0" is a valid semver range for jasmine-core
126 silly addNameRange { name: 'jasmine-core', range: '>=3.6.0 <3.7.0', hasData: false }
127 silly mapToRegistry name jasmine-core
128 silly mapToRegistry using default registry
129 silly mapToRegistry registry https://registry.npmjs.org/
130 silly mapToRegistry uri https://registry.npmjs.org/jasmine-core
131 verbose addNameRange registry:https://registry.npmjs.org/jasmine-core not in flight; fetching
132 http fetch 200 https://registry.npmjs.org/glob/-/glob-7.1.6.tgz
133 verbose get https://registry.npmjs.org/jasmine-core not expired, no request
134 silly addNameRange number 2 { name: 'jasmine-core', range: '>=3.6.0 <3.7.0', hasData: true }
135 silly addNameRange versions [ 'jasmine-core',
135 silly addNameRange   [ '2.0.0',
135 silly addNameRange     '2.0.1',
135 silly addNameRange     '2.0.4',
135 silly addNameRange     '2.1.0',
135 silly addNameRange     '2.1.1',
135 silly addNameRange     '2.1.2',
135 silly addNameRange     '2.1.3',
135 silly addNameRange     '2.2.0',
135 silly addNameRange     '2.3.0',
135 silly addNameRange     '2.3.2',
135 silly addNameRange     '2.3.3',
135 silly addNameRange     '2.3.4',
135 silly addNameRange     '2.4.0',
135 silly addNameRange     '2.4.1',
135 silly addNameRange     '2.5.0',
135 silly addNameRange     '2.5.1',
135 silly addNameRange     '2.5.2',
135 silly addNameRange     '2.6.0',
135 silly addNameRange     '2.6.1',
135 silly addNameRange     '2.6.2',
135 silly addNameRange     '2.6.3',
135 silly addNameRange     '2.6.4',
135 silly addNameRange     '2.7.0',
135 silly addNameRange     '2.8.0',
135 silly addNameRange     '2.9.0',
135 silly addNameRange     '2.9.1',
135 silly addNameRange     '2.99.0',
135 silly addNameRange     '3.0.0',
135 silly addNameRange     '2.99.1',
135 silly addNameRange     '3.1.0',
135 silly addNameRange     '3.2.0',
135 silly addNameRange     '3.2.1',
135 silly addNameRange     '3.3.0',
135 silly addNameRange     '3.4.0',
135 silly addNameRange     '3.5.0',
135 silly addNameRange     '3.6.0' ] ]
136 silly addNamed jasmine-core@3.6.0
137 verbose addNamed "3.6.0" is a plain semver version for jasmine-core
138 silly fetchAndShaCheck shasum 141f33b81a7c2492e125594307480c46679278a6
139 silly mapToRegistry name jasmine-core
140 silly mapToRegistry using default registry
141 silly mapToRegistry registry https://registry.npmjs.org/
142 silly mapToRegistry uri https://registry.npmjs.org/jasmine-core
143 verbose addRemoteTarball https://registry.npmjs.org/jasmine-core/-/jasmine-core-3.6.0.tgz not in flight; adding
144 verbose addRemoteTarball [ 'https://registry.npmjs.org/jasmine-core/-/jasmine-core-3.6.0.tgz',
144 verbose addRemoteTarball   '491f3bb23941799c353ceb7a45b38a950ebc5a20' ]
145 verbose addTmpTarball /tmp/npm-1761-04851a1d/registry.npmjs.org/glob/-/glob-7.1.6.tgz not in flight; adding
146 verbose addTmpTarball already have metadata; skipping unpack for glob@7.1.6
147 info retry fetch attempt 1 at 10:59:47 PM
148 info attempt registry request try #1 at 10:59:47 PM
149 http fetch GET https://registry.npmjs.org/jasmine-core/-/jasmine-core-3.6.0.tgz
150 silly cache afterAdd glob@7.1.6
151 verbose afterAdd /home/lee/.npm/glob/7.1.6/package/package.json not in flight; writing
152 verbose afterAdd /home/lee/.npm/glob/7.1.6/package/package.json written
153 http fetch 200 https://registry.npmjs.org/jasmine-core/-/jasmine-core-3.6.0.tgz
154 silly fetchAndShaCheck shasum 491f3bb23941799c353ceb7a45b38a950ebc5a20
155 verbose addTmpTarball /tmp/npm-1761-04851a1d/registry.npmjs.org/jasmine-core/-/jasmine-core-3.6.0.tgz not in flight; adding
156 verbose addTmpTarball already have metadata; skipping unpack for jasmine-core@3.6.0
157 silly cache afterAdd jasmine-core@3.6.0
158 verbose afterAdd /home/lee/.npm/jasmine-core/3.6.0/package/package.json not in flight; writing
159 verbose afterAdd /home/lee/.npm/jasmine-core/3.6.0/package/package.json written
160 silly fetchNamedPackageData fs.realpath
161 silly mapToRegistry name fs.realpath
162 silly mapToRegistry using default registry
163 silly mapToRegistry registry https://registry.npmjs.org/
164 silly mapToRegistry uri https://registry.npmjs.org/fs.realpath
165 silly fetchNamedPackageData inflight
166 silly mapToRegistry name inflight
167 silly mapToRegistry using default registry
168 silly mapToRegistry registry https://registry.npmjs.org/
169 silly mapToRegistry uri https://registry.npmjs.org/inflight
170 silly fetchNamedPackageData inherits
171 silly mapToRegistry name inherits
172 silly mapToRegistry using default registry
173 silly mapToRegistry registry https://registry.npmjs.org/
174 silly mapToRegistry uri https://registry.npmjs.org/inherits
175 silly fetchNamedPackageData minimatch
176 silly mapToRegistry name minimatch
177 silly mapToRegistry using default registry
178 silly mapToRegistry registry https://registry.npmjs.org/
179 silly mapToRegistry uri https://registry.npmjs.org/minimatch
180 silly fetchNamedPackageData once
181 silly mapToRegistry name once
182 silly mapToRegistry using default registry
183 silly mapToRegistry registry https://registry.npmjs.org/
184 silly mapToRegistry uri https://registry.npmjs.org/once
185 silly fetchNamedPackageData path-is-absolute
186 silly mapToRegistry name path-is-absolute
187 silly mapToRegistry using default registry
188 silly mapToRegistry registry https://registry.npmjs.org/
189 silly mapToRegistry uri https://registry.npmjs.org/path-is-absolute
190 verbose request uri https://registry.npmjs.org/fs.realpath
191 verbose request no auth needed
192 info attempt registry request try #1 at 10:59:47 PM
193 http request GET https://registry.npmjs.org/fs.realpath
194 verbose request uri https://registry.npmjs.org/inflight
195 verbose request no auth needed
196 info attempt registry request try #1 at 10:59:47 PM
197 http request GET https://registry.npmjs.org/inflight
198 verbose request uri https://registry.npmjs.org/inherits
199 verbose request no auth needed
200 info attempt registry request try #1 at 10:59:47 PM
201 http request GET https://registry.npmjs.org/inherits
202 verbose request uri https://registry.npmjs.org/minimatch
203 verbose request no auth needed
204 info attempt registry request try #1 at 10:59:47 PM
205 http request GET https://registry.npmjs.org/minimatch
206 verbose request uri https://registry.npmjs.org/once
207 verbose request no auth needed
208 info attempt registry request try #1 at 10:59:47 PM
209 http request GET https://registry.npmjs.org/once
210 verbose request uri https://registry.npmjs.org/path-is-absolute
211 verbose request no auth needed
212 info attempt registry request try #1 at 10:59:47 PM
213 http request GET https://registry.npmjs.org/path-is-absolute
214 http 200 https://registry.npmjs.org/fs.realpath
215 verbose headers { date: 'Tue, 19 Jan 2021 21:59:45 GMT',
215 verbose headers   'content-type': 'application/json; charset=UTF-8',
215 verbose headers   'transfer-encoding': 'chunked',
215 verbose headers   connection: 'keep-alive',
215 verbose headers   'set-cookie':
215 verbose headers    [ '__cfduid=d64c2224c99c9c5cb41776aa4122d201e1611093585; expires=Thu, 18-Feb-21 21:59:45 GMT; path=/; domain=.npmjs.org; HttpOnly; SameSite=Lax' ],
215 verbose headers   'cf-ray': '6143d31e5ba02355-ZRH',
215 verbose headers   age: '6839',
215 verbose headers   'cache-control': 'public, max-age=300',
215 verbose headers   etag: 'W/"38ffb76e1002ddc3cb6c82f7e93e6cb3"',
215 verbose headers   'last-modified': 'Sun, 27 May 2018 01:17:56 GMT',
215 verbose headers   vary: 'accept-encoding, accept',
215 verbose headers   'cf-cache-status': 'HIT',
215 verbose headers   'cf-request-id': '07be4246fb00002355cfa46000000001',
215 verbose headers   'expect-ct': 'max-age=604800, report-uri="https://report-uri.cloudflare.com/cdn-cgi/beacon/expect-ct"',
215 verbose headers   server: 'cloudflare',
215 verbose headers   'content-encoding': 'gzip' }
216 silly get cb [ 200,
216 silly get   { date: 'Tue, 19 Jan 2021 21:59:45 GMT',
216 silly get     'content-type': 'application/json; charset=UTF-8',
216 silly get     'transfer-encoding': 'chunked',
216 silly get     connection: 'keep-alive',
216 silly get     'set-cookie':
216 silly get      [ '__cfduid=d64c2224c99c9c5cb41776aa4122d201e1611093585; expires=Thu, 18-Feb-21 21:59:45 GMT; path=/; domain=.npmjs.org; HttpOnly; SameSite=Lax' ],
216 silly get     'cf-ray': '6143d31e5ba02355-ZRH',
216 silly get     age: '6839',
216 silly get     'cache-control': 'public, max-age=300',
216 silly get     etag: 'W/"38ffb76e1002ddc3cb6c82f7e93e6cb3"',
216 silly get     'last-modified': 'Sun, 27 May 2018 01:17:56 GMT',
216 silly get     vary: 'accept-encoding, accept',
216 silly get     'cf-cache-status': 'HIT',
216 silly get     'cf-request-id': '07be4246fb00002355cfa46000000001',
216 silly get     'expect-ct': 'max-age=604800, report-uri="https://report-uri.cloudflare.com/cdn-cgi/beacon/expect-ct"',
216 silly get     server: 'cloudflare',
216 silly get     'content-encoding': 'gzip' } ]
217 verbose get saving fs.realpath to /home/lee/.npm/registry.npmjs.org/fs.realpath/.cache.json
218 silly resolveWithNewModule fs.realpath@1.0.0 checking installable status
219 silly cache add args [ 'fs.realpath@^1.0.0', null ]
220 verbose cache add spec fs.realpath@^1.0.0
221 silly cache add parsed spec Result {
221 silly cache add   raw: 'fs.realpath@^1.0.0',
221 silly cache add   scope: null,
221 silly cache add   name: 'fs.realpath',
221 silly cache add   rawSpec: '^1.0.0',
221 silly cache add   spec: '>=1.0.0 <2.0.0',
221 silly cache add   type: 'range' }
222 silly addNamed fs.realpath@>=1.0.0 <2.0.0
223 verbose addNamed ">=1.0.0 <2.0.0" is a valid semver range for fs.realpath
224 silly addNameRange { name: 'fs.realpath', range: '>=1.0.0 <2.0.0', hasData: false }
225 silly mapToRegistry name fs.realpath
226 silly mapToRegistry using default registry
227 silly mapToRegistry registry https://registry.npmjs.org/
228 silly mapToRegistry uri https://registry.npmjs.org/fs.realpath
229 verbose addNameRange registry:https://registry.npmjs.org/fs.realpath not in flight; fetching
230 verbose get https://registry.npmjs.org/fs.realpath not expired, no request
231 silly addNameRange number 2 { name: 'fs.realpath', range: '>=1.0.0 <2.0.0', hasData: true }
232 silly addNameRange versions [ 'fs.realpath', [ '0.0.0', '1.0.0' ] ]
233 silly addNamed fs.realpath@1.0.0
234 verbose addNamed "1.0.0" is a plain semver version for fs.realpath
235 silly mapToRegistry name fs.realpath
236 silly mapToRegistry using default registry
237 silly mapToRegistry registry https://registry.npmjs.org/
238 silly mapToRegistry uri https://registry.npmjs.org/fs.realpath
239 verbose addRemoteTarball https://registry.npmjs.org/fs.realpath/-/fs.realpath-1.0.0.tgz not in flight; adding
240 verbose addRemoteTarball [ 'https://registry.npmjs.org/fs.realpath/-/fs.realpath-1.0.0.tgz',
240 verbose addRemoteTarball   '1504ad2523158caa40db4a2787cb01411994ea4f' ]
241 info retry fetch attempt 1 at 10:59:47 PM
242 info attempt registry request try #1 at 10:59:47 PM
243 http fetch GET https://registry.npmjs.org/fs.realpath/-/fs.realpath-1.0.0.tgz
244 http 200 https://registry.npmjs.org/inflight
245 verbose headers { date: 'Tue, 19 Jan 2021 21:59:45 GMT',
245 verbose headers   'content-type': 'application/json',
245 verbose headers   'transfer-encoding': 'chunked',
245 verbose headers   connection: 'keep-alive',
245 verbose headers   'set-cookie':
245 verbose headers    [ '__cfduid=ddff360a045dc0b41f9be7cb926e94e981611093585; expires=Thu, 18-Feb-21 21:59:45 GMT; path=/; domain=.npmjs.org; HttpOnly; SameSite=Lax' ],
245 verbose headers   'cf-ray': '6143d31e6bc323af-ZRH',
245 verbose headers   age: '3562',
245 verbose headers   'cache-control': 'public, max-age=300',
245 verbose headers   etag: 'W/"27d2e4195233b13f8fe4d616ecde92ba"',
245 verbose headers   'last-modified': 'Mon, 04 Jan 2021 16:47:47 GMT',
245 verbose headers   vary: 'accept-encoding, accept',
245 verbose headers   'cf-cache-status': 'HIT',
245 verbose headers   'cf-request-id': '07be4246fc000023aff8331000000001',
245 verbose headers   'expect-ct': 'max-age=604800, report-uri="https://report-uri.cloudflare.com/cdn-cgi/beacon/expect-ct"',
245 verbose headers   server: 'cloudflare',
245 verbose headers   'content-encoding': 'gzip' }
246 silly get cb [ 200,
246 silly get   { date: 'Tue, 19 Jan 2021 21:59:45 GMT',
246 silly get     'content-type': 'application/json',
246 silly get     'transfer-encoding': 'chunked',
246 silly get     connection: 'keep-alive',
246 silly get     'set-cookie':
246 silly get      [ '__cfduid=ddff360a045dc0b41f9be7cb926e94e981611093585; expires=Thu, 18-Feb-21 21:59:45 GMT; path=/; domain=.npmjs.org; HttpOnly; SameSite=Lax' ],
246 silly get     'cf-ray': '6143d31e6bc323af-ZRH',
246 silly get     age: '3562',
246 silly get     'cache-control': 'public, max-age=300',
246 silly get     etag: 'W/"27d2e4195233b13f8fe4d616ecde92ba"',
246 silly get     'last-modified': 'Mon, 04 Jan 2021 16:47:47 GMT',
246 silly get     vary: 'accept-encoding, accept',
246 silly get     'cf-cache-status': 'HIT',
246 silly get     'cf-request-id': '07be4246fc000023aff8331000000001',
246 silly get     'expect-ct': 'max-age=604800, report-uri="https://report-uri.cloudflare.com/cdn-cgi/beacon/expect-ct"',
246 silly get     server: 'cloudflare',
246 silly get     'content-encoding': 'gzip' } ]
247 verbose get saving inflight to /home/lee/.npm/registry.npmjs.org/inflight/.cache.json
248 silly resolveWithNewModule inflight@1.0.6 checking installable status
249 silly cache add args [ 'inflight@^1.0.4', null ]
250 verbose cache add spec inflight@^1.0.4
251 silly cache add parsed spec Result {
251 silly cache add   raw: 'inflight@^1.0.4',
251 silly cache add   scope: null,
251 silly cache add   name: 'inflight',
251 silly cache add   rawSpec: '^1.0.4',
251 silly cache add   spec: '>=1.0.4 <2.0.0',
251 silly cache add   type: 'range' }
252 silly addNamed inflight@>=1.0.4 <2.0.0
253 verbose addNamed ">=1.0.4 <2.0.0" is a valid semver range for inflight
254 silly addNameRange { name: 'inflight', range: '>=1.0.4 <2.0.0', hasData: false }
255 silly mapToRegistry name inflight
256 silly mapToRegistry using default registry
257 silly mapToRegistry registry https://registry.npmjs.org/
258 silly mapToRegistry uri https://registry.npmjs.org/inflight
259 verbose addNameRange registry:https://registry.npmjs.org/inflight not in flight; fetching
260 verbose get https://registry.npmjs.org/inflight not expired, no request
261 silly addNameRange number 2 { name: 'inflight', range: '>=1.0.4 <2.0.0', hasData: true }
262 silly addNameRange versions [ 'inflight',
262 silly addNameRange   [ '1.0.0', '1.0.1', '1.0.2', '1.0.3', '1.0.4', '1.0.5', '1.0.6' ] ]
263 silly addNamed inflight@1.0.6
264 verbose addNamed "1.0.6" is a plain semver version for inflight
265 silly mapToRegistry name inflight
266 silly mapToRegistry using default registry
267 silly mapToRegistry registry https://registry.npmjs.org/
268 silly mapToRegistry uri https://registry.npmjs.org/inflight
269 verbose addRemoteTarball https://registry.npmjs.org/inflight/-/inflight-1.0.6.tgz not in flight; adding
270 verbose addRemoteTarball [ 'https://registry.npmjs.org/inflight/-/inflight-1.0.6.tgz',
270 verbose addRemoteTarball   '49bd6331d7d02d0c09bc910a1075ba8165b56df9' ]
271 info retry fetch attempt 1 at 10:59:47 PM
272 info attempt registry request try #1 at 10:59:47 PM
273 http fetch GET https://registry.npmjs.org/inflight/-/inflight-1.0.6.tgz
274 http fetch 200 https://registry.npmjs.org/fs.realpath/-/fs.realpath-1.0.0.tgz
275 silly fetchAndShaCheck shasum 1504ad2523158caa40db4a2787cb01411994ea4f
276 verbose addTmpTarball /tmp/npm-1761-04851a1d/registry.npmjs.org/fs.realpath/-/fs.realpath-1.0.0.tgz not in flight; adding
277 verbose addTmpTarball already have metadata; skipping unpack for fs.realpath@1.0.0
278 silly cache afterAdd fs.realpath@1.0.0
279 verbose afterAdd /home/lee/.npm/fs.realpath/1.0.0/package/package.json not in flight; writing
280 verbose afterAdd /home/lee/.npm/fs.realpath/1.0.0/package/package.json written
281 http fetch 200 https://registry.npmjs.org/inflight/-/inflight-1.0.6.tgz
282 silly fetchAndShaCheck shasum 49bd6331d7d02d0c09bc910a1075ba8165b56df9
283 verbose addTmpTarball /tmp/npm-1761-04851a1d/registry.npmjs.org/inflight/-/inflight-1.0.6.tgz not in flight; adding
284 verbose addTmpTarball already have metadata; skipping unpack for inflight@1.0.6
285 silly cache afterAdd inflight@1.0.6
286 verbose afterAdd /home/lee/.npm/inflight/1.0.6/package/package.json not in flight; writing
287 verbose afterAdd /home/lee/.npm/inflight/1.0.6/package/package.json written
288 http 200 https://registry.npmjs.org/inherits
289 verbose headers { date: 'Tue, 19 Jan 2021 21:59:45 GMT',
289 verbose headers   'content-type': 'application/json',
289 verbose headers   'transfer-encoding': 'chunked',
289 verbose headers   connection: 'keep-alive',
289 verbose headers   'set-cookie':
289 verbose headers    [ '__cfduid=d68f25d53876adb78287086dea04e8b7e1611093585; expires=Thu, 18-Feb-21 21:59:45 GMT; path=/; domain=.npmjs.org; HttpOnly; SameSite=Lax' ],
289 verbose headers   'cf-ray': '6143d31f2e29cc5a-ZRH',
289 verbose headers   age: '5017',
289 verbose headers   'cache-control': 'public, max-age=300',
289 verbose headers   etag: 'W/"89b9ff30160e62cccc320a50b274ccd9"',
289 verbose headers   'last-modified': 'Wed, 19 Jun 2019 20:18:57 GMT',
289 verbose headers   vary: 'accept-encoding, accept',
289 verbose headers   'cf-cache-status': 'HIT',
289 verbose headers   'cf-request-id': '07be42477d0000cc5abebfa000000001',
289 verbose headers   'expect-ct': 'max-age=604800, report-uri="https://report-uri.cloudflare.com/cdn-cgi/beacon/expect-ct"',
289 verbose headers   server: 'cloudflare',
289 verbose headers   'content-encoding': 'gzip' }
290 silly get cb [ 200,
290 silly get   { date: 'Tue, 19 Jan 2021 21:59:45 GMT',
290 silly get     'content-type': 'application/json',
290 silly get     'transfer-encoding': 'chunked',
290 silly get     connection: 'keep-alive',
290 silly get     'set-cookie':
290 silly get      [ '__cfduid=d68f25d53876adb78287086dea04e8b7e1611093585; expires=Thu, 18-Feb-21 21:59:45 GMT; path=/; domain=.npmjs.org; HttpOnly; SameSite=Lax' ],
290 silly get     'cf-ray': '6143d31f2e29cc5a-ZRH',
290 silly get     age: '5017',
290 silly get     'cache-control': 'public, max-age=300',
290 silly get     etag: 'W/"89b9ff30160e62cccc320a50b274ccd9"',
290 silly get     'last-modified': 'Wed, 19 Jun 2019 20:18:57 GMT',
290 silly get     vary: 'accept-encoding, accept',
290 silly get     'cf-cache-status': 'HIT',
290 silly get     'cf-request-id': '07be42477d0000cc5abebfa000000001',
290 silly get     'expect-ct': 'max-age=604800, report-uri="https://report-uri.cloudflare.com/cdn-cgi/beacon/expect-ct"',
290 silly get     server: 'cloudflare',
290 silly get     'content-encoding': 'gzip' } ]
291 verbose get saving inherits to /home/lee/.npm/registry.npmjs.org/inherits/.cache.json
292 silly resolveWithNewModule inherits@2.0.4 checking installable status
293 silly cache add args [ 'inherits@2', null ]
294 verbose cache add spec inherits@2
295 silly cache add parsed spec Result {
295 silly cache add   raw: 'inherits@2',
295 silly cache add   scope: null,
295 silly cache add   name: 'inherits',
295 silly cache add   rawSpec: '2',
295 silly cache add   spec: '>=2.0.0 <3.0.0',
295 silly cache add   type: 'range' }
296 silly addNamed inherits@>=2.0.0 <3.0.0
297 verbose addNamed ">=2.0.0 <3.0.0" is a valid semver range for inherits
298 silly addNameRange { name: 'inherits', range: '>=2.0.0 <3.0.0', hasData: false }
299 silly mapToRegistry name inherits
300 silly mapToRegistry using default registry
301 silly mapToRegistry registry https://registry.npmjs.org/
302 silly mapToRegistry uri https://registry.npmjs.org/inherits
303 verbose addNameRange registry:https://registry.npmjs.org/inherits not in flight; fetching
304 verbose get https://registry.npmjs.org/inherits not expired, no request
305 silly addNameRange number 2 { name: 'inherits', range: '>=2.0.0 <3.0.0', hasData: true }
306 silly addNameRange versions [ 'inherits',
306 silly addNameRange   [ '1.0.0', '2.0.0', '2.0.1', '1.0.1', '1.0.2', '2.0.3', '2.0.4' ] ]
307 silly addNamed inherits@2.0.4
308 verbose addNamed "2.0.4" is a plain semver version for inherits
309 silly mapToRegistry name inherits
310 silly mapToRegistry using default registry
311 silly mapToRegistry registry https://registry.npmjs.org/
312 silly mapToRegistry uri https://registry.npmjs.org/inherits
313 verbose addRemoteTarball https://registry.npmjs.org/inherits/-/inherits-2.0.4.tgz not in flight; adding
314 verbose addRemoteTarball [ 'https://registry.npmjs.org/inherits/-/inherits-2.0.4.tgz',
314 verbose addRemoteTarball   '0fa2c64f932917c3433a0ded55363aae37416b7c' ]
315 info retry fetch attempt 1 at 10:59:47 PM
316 info attempt registry request try #1 at 10:59:47 PM
317 http fetch GET https://registry.npmjs.org/inherits/-/inherits-2.0.4.tgz
318 http 200 https://registry.npmjs.org/once
319 verbose headers { date: 'Tue, 19 Jan 2021 21:59:45 GMT',
319 verbose headers   'content-type': 'application/json; charset=UTF-8',
319 verbose headers   'transfer-encoding': 'chunked',
319 verbose headers   connection: 'keep-alive',
319 verbose headers   'set-cookie':
319 verbose headers    [ '__cfduid=d28a839b321649924cdb2eb2a8e808a3e1611093585; expires=Thu, 18-Feb-21 21:59:45 GMT; path=/; domain=.npmjs.org; HttpOnly; SameSite=Lax' ],
319 verbose headers   'cf-ray': '6143d31f5e36cc36-ZRH',
319 verbose headers   age: '4965',
319 verbose headers   'cache-control': 'public, max-age=300',
319 verbose headers   etag: 'W/"edc9f495d2deed74e80dc05995dc33c2"',
319 verbose headers   'last-modified': 'Sun, 27 May 2018 11:11:26 GMT',
319 verbose headers   vary: 'accept-encoding, accept',
319 verbose headers   'cf-cache-status': 'HIT',
319 verbose headers   'cf-request-id': '07be4247930000cc363f377000000001',
319 verbose headers   'expect-ct': 'max-age=604800, report-uri="https://report-uri.cloudflare.com/cdn-cgi/beacon/expect-ct"',
319 verbose headers   server: 'cloudflare',
319 verbose headers   'content-encoding': 'gzip' }
320 silly get cb [ 200,
320 silly get   { date: 'Tue, 19 Jan 2021 21:59:45 GMT',
320 silly get     'content-type': 'application/json; charset=UTF-8',
320 silly get     'transfer-encoding': 'chunked',
320 silly get     connection: 'keep-alive',
320 silly get     'set-cookie':
320 silly get      [ '__cfduid=d28a839b321649924cdb2eb2a8e808a3e1611093585; expires=Thu, 18-Feb-21 21:59:45 GMT; path=/; domain=.npmjs.org; HttpOnly; SameSite=Lax' ],
320 silly get     'cf-ray': '6143d31f5e36cc36-ZRH',
320 silly get     age: '4965',
320 silly get     'cache-control': 'public, max-age=300',
320 silly get     etag: 'W/"edc9f495d2deed74e80dc05995dc33c2"',
320 silly get     'last-modified': 'Sun, 27 May 2018 11:11:26 GMT',
320 silly get     vary: 'accept-encoding, accept',
320 silly get     'cf-cache-status': 'HIT',
320 silly get     'cf-request-id': '07be4247930000cc363f377000000001',
320 silly get     'expect-ct': 'max-age=604800, report-uri="https://report-uri.cloudflare.com/cdn-cgi/beacon/expect-ct"',
320 silly get     server: 'cloudflare',
320 silly get     'content-encoding': 'gzip' } ]
321 verbose get saving once to /home/lee/.npm/registry.npmjs.org/once/.cache.json
322 http 200 https://registry.npmjs.org/path-is-absolute
323 verbose headers { date: 'Tue, 19 Jan 2021 21:59:45 GMT',
323 verbose headers   'content-type': 'application/json',
323 verbose headers   'transfer-encoding': 'chunked',
323 verbose headers   connection: 'keep-alive',
323 verbose headers   'set-cookie':
323 verbose headers    [ '__cfduid=da792261e84de309b055c2d5193b727481611093585; expires=Thu, 18-Feb-21 21:59:45 GMT; path=/; domain=.npmjs.org; HttpOnly; SameSite=Lax' ],
323 verbose headers   'cf-ray': '6143d31f5c49cc46-ZRH',
323 verbose headers   age: '4964',
323 verbose headers   'cache-control': 'public, max-age=300',
323 verbose headers   etag: 'W/"25aaada20f078477a61dfb4673202332"',
323 verbose headers   'last-modified': 'Sat, 05 Jan 2019 02:56:57 GMT',
323 verbose headers   vary: 'accept-encoding, accept',
323 verbose headers   'cf-cache-status': 'HIT',
323 verbose headers   'cf-request-id': '07be4247980000cc46a206d000000001',
323 verbose headers   'expect-ct': 'max-age=604800, report-uri="https://report-uri.cloudflare.com/cdn-cgi/beacon/expect-ct"',
323 verbose headers   server: 'cloudflare',
323 verbose headers   'content-encoding': 'gzip' }
324 silly get cb [ 200,
324 silly get   { date: 'Tue, 19 Jan 2021 21:59:45 GMT',
324 silly get     'content-type': 'application/json',
324 silly get     'transfer-encoding': 'chunked',
324 silly get     connection: 'keep-alive',
324 silly get     'set-cookie':
324 silly get      [ '__cfduid=da792261e84de309b055c2d5193b727481611093585; expires=Thu, 18-Feb-21 21:59:45 GMT; path=/; domain=.npmjs.org; HttpOnly; SameSite=Lax' ],
324 silly get     'cf-ray': '6143d31f5c49cc46-ZRH',
324 silly get     age: '4964',
324 silly get     'cache-control': 'public, max-age=300',
324 silly get     etag: 'W/"25aaada20f078477a61dfb4673202332"',
324 silly get     'last-modified': 'Sat, 05 Jan 2019 02:56:57 GMT',
324 silly get     vary: 'accept-encoding, accept',
324 silly get     'cf-cache-status': 'HIT',
324 silly get     'cf-request-id': '07be4247980000cc46a206d000000001',
324 silly get     'expect-ct': 'max-age=604800, report-uri="https://report-uri.cloudflare.com/cdn-cgi/beacon/expect-ct"',
324 silly get     server: 'cloudflare',
324 silly get     'content-encoding': 'gzip' } ]
325 verbose get saving path-is-absolute to /home/lee/.npm/registry.npmjs.org/path-is-absolute/.cache.json
326 silly resolveWithNewModule once@1.4.0 checking installable status
327 silly cache add args [ 'once@^1.3.0', null ]
328 verbose cache add spec once@^1.3.0
329 silly cache add parsed spec Result {
329 silly cache add   raw: 'once@^1.3.0',
329 silly cache add   scope: null,
329 silly cache add   name: 'once',
329 silly cache add   rawSpec: '^1.3.0',
329 silly cache add   spec: '>=1.3.0 <2.0.0',
329 silly cache add   type: 'range' }
330 silly addNamed once@>=1.3.0 <2.0.0
331 verbose addNamed ">=1.3.0 <2.0.0" is a valid semver range for once
332 silly addNameRange { name: 'once', range: '>=1.3.0 <2.0.0', hasData: false }
333 silly mapToRegistry name once
334 silly mapToRegistry using default registry
335 silly mapToRegistry registry https://registry.npmjs.org/
336 silly mapToRegistry uri https://registry.npmjs.org/once
337 verbose addNameRange registry:https://registry.npmjs.org/once not in flight; fetching
338 silly resolveWithNewModule path-is-absolute@1.0.1 checking installable status
339 silly cache add args [ 'path-is-absolute@^1.0.0', null ]
340 verbose cache add spec path-is-absolute@^1.0.0
341 silly cache add parsed spec Result {
341 silly cache add   raw: 'path-is-absolute@^1.0.0',
341 silly cache add   scope: null,
341 silly cache add   name: 'path-is-absolute',
341 silly cache add   rawSpec: '^1.0.0',
341 silly cache add   spec: '>=1.0.0 <2.0.0',
341 silly cache add   type: 'range' }
342 silly addNamed path-is-absolute@>=1.0.0 <2.0.0
343 verbose addNamed ">=1.0.0 <2.0.0" is a valid semver range for path-is-absolute
344 silly addNameRange { name: 'path-is-absolute',
344 silly addNameRange   range: '>=1.0.0 <2.0.0',
344 silly addNameRange   hasData: false }
345 silly mapToRegistry name path-is-absolute
346 silly mapToRegistry using default registry
347 silly mapToRegistry registry https://registry.npmjs.org/
348 silly mapToRegistry uri https://registry.npmjs.org/path-is-absolute
349 verbose addNameRange registry:https://registry.npmjs.org/path-is-absolute not in flight; fetching
350 http fetch 200 https://registry.npmjs.org/inherits/-/inherits-2.0.4.tgz
351 verbose get https://registry.npmjs.org/once not expired, no request
352 silly addNameRange number 2 { name: 'once', range: '>=1.3.0 <2.0.0', hasData: true }
353 silly addNameRange versions [ 'once',
353 silly addNameRange   [ '1.1.1', '1.2.0', '1.3.0', '1.3.1', '1.3.2', '1.3.3', '1.4.0' ] ]
354 silly addNamed once@1.4.0
355 verbose addNamed "1.4.0" is a plain semver version for once
356 verbose get https://registry.npmjs.org/path-is-absolute not expired, no request
357 silly addNameRange number 2 { name: 'path-is-absolute',
357 silly addNameRange   range: '>=1.0.0 <2.0.0',
357 silly addNameRange   hasData: true }
358 silly addNameRange versions [ 'path-is-absolute', [ '1.0.0', '1.0.1', '2.0.0' ] ]
359 silly addNamed path-is-absolute@1.0.1
360 verbose addNamed "1.0.1" is a plain semver version for path-is-absolute
361 silly fetchAndShaCheck shasum 0fa2c64f932917c3433a0ded55363aae37416b7c
362 silly mapToRegistry name once
363 silly mapToRegistry using default registry
364 silly mapToRegistry registry https://registry.npmjs.org/
365 silly mapToRegistry uri https://registry.npmjs.org/once
366 verbose addRemoteTarball https://registry.npmjs.org/once/-/once-1.4.0.tgz not in flight; adding
367 verbose addRemoteTarball [ 'https://registry.npmjs.org/once/-/once-1.4.0.tgz',
367 verbose addRemoteTarball   '583b1aa775961d4b113ac17d9c50baef9dd76bd1' ]
368 silly mapToRegistry name path-is-absolute
369 silly mapToRegistry using default registry
370 silly mapToRegistry registry https://registry.npmjs.org/
371 silly mapToRegistry uri https://registry.npmjs.org/path-is-absolute
372 verbose addRemoteTarball https://registry.npmjs.org/path-is-absolute/-/path-is-absolute-1.0.1.tgz not in flight; adding
373 verbose addRemoteTarball [ 'https://registry.npmjs.org/path-is-absolute/-/path-is-absolute-1.0.1.tgz',
373 verbose addRemoteTarball   '174b9268735534ffbc7ace6bf53a5a9e1b5c5f5f' ]
374 http 200 https://registry.npmjs.org/minimatch
375 verbose headers { date: 'Tue, 19 Jan 2021 21:59:45 GMT',
375 verbose headers   'content-type': 'application/json',
375 verbose headers   'transfer-encoding': 'chunked',
375 verbose headers   connection: 'keep-alive',
375 verbose headers   'set-cookie':
375 verbose headers    [ '__cfduid=dde98666d9da7fe6e556a117f35082a481611093585; expires=Thu, 18-Feb-21 21:59:45 GMT; path=/; domain=.npmjs.org; HttpOnly; SameSite=Lax' ],
375 verbose headers   'cf-ray': '6143d31f686e23f7-ZRH',
375 verbose headers   age: '20',
375 verbose headers   'cache-control': 'public, max-age=300',
375 verbose headers   etag: 'W/"74d0b8b38c427aed03f1f23d14bfb863"',
375 verbose headers   'last-modified': 'Mon, 15 Apr 2019 06:36:47 GMT',
375 verbose headers   vary: 'accept-encoding, accept',
375 verbose headers   'cf-cache-status': 'HIT',
375 verbose headers   'cf-request-id': '07be4247ad000023f78280f000000001',
375 verbose headers   'expect-ct': 'max-age=604800, report-uri="https://report-uri.cloudflare.com/cdn-cgi/beacon/expect-ct"',
375 verbose headers   server: 'cloudflare',
375 verbose headers   'content-encoding': 'gzip' }
376 silly get cb [ 200,
376 silly get   { date: 'Tue, 19 Jan 2021 21:59:45 GMT',
376 silly get     'content-type': 'application/json',
376 silly get     'transfer-encoding': 'chunked',
376 silly get     connection: 'keep-alive',
376 silly get     'set-cookie':
376 silly get      [ '__cfduid=dde98666d9da7fe6e556a117f35082a481611093585; expires=Thu, 18-Feb-21 21:59:45 GMT; path=/; domain=.npmjs.org; HttpOnly; SameSite=Lax' ],
376 silly get     'cf-ray': '6143d31f686e23f7-ZRH',
376 silly get     age: '20',
376 silly get     'cache-control': 'public, max-age=300',
376 silly get     etag: 'W/"74d0b8b38c427aed03f1f23d14bfb863"',
376 silly get     'last-modified': 'Mon, 15 Apr 2019 06:36:47 GMT',
376 silly get     vary: 'accept-encoding, accept',
376 silly get     'cf-cache-status': 'HIT',
376 silly get     'cf-request-id': '07be4247ad000023f78280f000000001',
376 silly get     'expect-ct': 'max-age=604800, report-uri="https://report-uri.cloudflare.com/cdn-cgi/beacon/expect-ct"',
376 silly get     server: 'cloudflare',
376 silly get     'content-encoding': 'gzip' } ]
377 verbose get saving minimatch to /home/lee/.npm/registry.npmjs.org/minimatch/.cache.json
378 verbose addTmpTarball /tmp/npm-1761-04851a1d/registry.npmjs.org/inherits/-/inherits-2.0.4.tgz not in flight; adding
379 verbose addTmpTarball already have metadata; skipping unpack for inherits@2.0.4
380 info retry fetch attempt 1 at 10:59:47 PM
381 info attempt registry request try #1 at 10:59:47 PM
382 http fetch GET https://registry.npmjs.org/once/-/once-1.4.0.tgz
383 info retry fetch attempt 1 at 10:59:47 PM
384 info attempt registry request try #1 at 10:59:47 PM
385 http fetch GET https://registry.npmjs.org/path-is-absolute/-/path-is-absolute-1.0.1.tgz
386 http fetch 200 https://registry.npmjs.org/once/-/once-1.4.0.tgz
387 http fetch 200 https://registry.npmjs.org/path-is-absolute/-/path-is-absolute-1.0.1.tgz
388 silly fetchAndShaCheck shasum 583b1aa775961d4b113ac17d9c50baef9dd76bd1
389 silly fetchAndShaCheck shasum 174b9268735534ffbc7ace6bf53a5a9e1b5c5f5f
390 verbose addTmpTarball /tmp/npm-1761-04851a1d/registry.npmjs.org/once/-/once-1.4.0.tgz not in flight; adding
391 verbose addTmpTarball already have metadata; skipping unpack for once@1.4.0
392 silly resolveWithNewModule minimatch@3.0.4 checking installable status
393 silly cache add args [ 'minimatch@^3.0.4', null ]
394 verbose cache add spec minimatch@^3.0.4
395 silly cache add parsed spec Result {
395 silly cache add   raw: 'minimatch@^3.0.4',
395 silly cache add   scope: null,
395 silly cache add   name: 'minimatch',
395 silly cache add   rawSpec: '^3.0.4',
395 silly cache add   spec: '>=3.0.4 <4.0.0',
395 silly cache add   type: 'range' }
396 silly addNamed minimatch@>=3.0.4 <4.0.0
397 verbose addNamed ">=3.0.4 <4.0.0" is a valid semver range for minimatch
398 silly addNameRange { name: 'minimatch', range: '>=3.0.4 <4.0.0', hasData: false }
399 silly mapToRegistry name minimatch
400 silly mapToRegistry using default registry
401 silly mapToRegistry registry https://registry.npmjs.org/
402 silly mapToRegistry uri https://registry.npmjs.org/minimatch
403 verbose addNameRange registry:https://registry.npmjs.org/minimatch not in flight; fetching
404 verbose addTmpTarball /tmp/npm-1761-04851a1d/registry.npmjs.org/path-is-absolute/-/path-is-absolute-1.0.1.tgz not in flight; adding
405 verbose addTmpTarball already have metadata; skipping unpack for path-is-absolute@1.0.1
406 verbose get https://registry.npmjs.org/minimatch not expired, no request
407 silly addNameRange number 2 { name: 'minimatch', range: '>=3.0.4 <4.0.0', hasData: true }
408 silly addNameRange versions [ 'minimatch',
408 silly addNameRange   [ '0.0.1',
408 silly addNameRange     '0.0.2',
408 silly addNameRange     '0.0.4',
408 silly addNameRange     '0.0.5',
408 silly addNameRange     '0.1.1',
408 silly addNameRange     '0.1.2',
408 silly addNameRange     '0.1.3',
408 silly addNameRange     '0.1.4',
408 silly addNameRange     '0.1.5',
408 silly addNameRange     '0.2.0',
408 silly addNameRange     '0.2.2',
408 silly addNameRange     '0.2.3',
408 silly addNameRange     '0.2.4',
408 silly addNameRange     '0.2.5',
408 silly addNameRange     '0.2.6',
408 silly addNameRange     '0.2.7',
408 silly addNameRange     '0.2.8',
408 silly addNameRange     '0.2.9',
408 silly addNameRange     '0.2.10',
408 silly addNameRange     '0.2.11',
408 silly addNameRange     '0.2.12',
408 silly addNameRange     '0.2.13',
408 silly addNameRange     '0.2.14',
408 silly addNameRange     '0.3.0',
408 silly addNameRange     '0.4.0',
408 silly addNameRange     '1.0.0',
408 silly addNameRange     '2.0.0',
408 silly addNameRange     '2.0.1',
408 silly addNameRange     '2.0.2',
408 silly addNameRange     '2.0.3',
408 silly addNameRange     '2.0.4',
408 silly addNameRange     '2.0.5',
408 silly addNameRange     '2.0.6',
408 silly addNameRange     '2.0.7',
408 silly addNameRange     '2.0.8',
408 silly addNameRange     '2.0.9',
408 silly addNameRange     '2.0.10',
408 silly addNameRange     '3.0.0',
408 silly addNameRange     '3.0.2',
408 silly addNameRange     '3.0.3',
408 silly addNameRange     '3.0.4' ] ]
409 silly addNamed minimatch@3.0.4
410 verbose addNamed "3.0.4" is a plain semver version for minimatch
411 silly mapToRegistry name minimatch
412 silly mapToRegistry using default registry
413 silly mapToRegistry registry https://registry.npmjs.org/
414 silly mapToRegistry uri https://registry.npmjs.org/minimatch
415 verbose addRemoteTarball https://registry.npmjs.org/minimatch/-/minimatch-3.0.4.tgz not in flight; adding
416 verbose addRemoteTarball [ 'https://registry.npmjs.org/minimatch/-/minimatch-3.0.4.tgz',
416 verbose addRemoteTarball   '5166e286457f03306064be5497e8dbb0c3d32083' ]
417 info retry fetch attempt 1 at 10:59:47 PM
418 info attempt registry request try #1 at 10:59:47 PM
419 http fetch GET https://registry.npmjs.org/minimatch/-/minimatch-3.0.4.tgz
420 silly cache afterAdd inherits@2.0.4
421 verbose afterAdd /home/lee/.npm/inherits/2.0.4/package/package.json not in flight; writing
422 verbose afterAdd /home/lee/.npm/inherits/2.0.4/package/package.json written
423 silly cache afterAdd once@1.4.0
424 verbose afterAdd /home/lee/.npm/once/1.4.0/package/package.json not in flight; writing
425 silly cache afterAdd path-is-absolute@1.0.1
426 verbose afterAdd /home/lee/.npm/path-is-absolute/1.0.1/package/package.json not in flight; writing
427 verbose afterAdd /home/lee/.npm/once/1.4.0/package/package.json written
428 verbose afterAdd /home/lee/.npm/path-is-absolute/1.0.1/package/package.json written
429 http fetch 200 https://registry.npmjs.org/minimatch/-/minimatch-3.0.4.tgz
430 silly fetchAndShaCheck shasum 5166e286457f03306064be5497e8dbb0c3d32083
431 verbose addTmpTarball /tmp/npm-1761-04851a1d/registry.npmjs.org/minimatch/-/minimatch-3.0.4.tgz not in flight; adding
432 verbose addTmpTarball already have metadata; skipping unpack for minimatch@3.0.4
433 silly cache afterAdd minimatch@3.0.4
434 verbose afterAdd /home/lee/.npm/minimatch/3.0.4/package/package.json not in flight; writing
435 verbose afterAdd /home/lee/.npm/minimatch/3.0.4/package/package.json written
436 silly fetchNamedPackageData wrappy
437 silly mapToRegistry name wrappy
438 silly mapToRegistry using default registry
439 silly mapToRegistry registry https://registry.npmjs.org/
440 silly mapToRegistry uri https://registry.npmjs.org/wrappy
441 verbose request uri https://registry.npmjs.org/wrappy
442 verbose request no auth needed
443 info attempt registry request try #1 at 10:59:48 PM
444 http request GET https://registry.npmjs.org/wrappy
445 http 200 https://registry.npmjs.org/wrappy
446 verbose headers { date: 'Tue, 19 Jan 2021 21:59:46 GMT',
446 verbose headers   'content-type': 'application/json',
446 verbose headers   'transfer-encoding': 'chunked',
446 verbose headers   connection: 'keep-alive',
446 verbose headers   'set-cookie':
446 verbose headers    [ '__cfduid=da7df7ffde626070048a24947207ba5e51611093586; expires=Thu, 18-Feb-21 21:59:46 GMT; path=/; domain=.npmjs.org; HttpOnly; SameSite=Lax' ],
446 verbose headers   'cf-ray': '6143d322da09cc46-ZRH',
446 verbose headers   age: '4920',
446 verbose headers   'cache-control': 'public, max-age=300',
446 verbose headers   etag: 'W/"671a39c4964ba1efd19043cb3cfd8452"',
446 verbose headers   'last-modified': 'Fri, 09 Aug 2019 05:47:49 GMT',
446 verbose headers   vary: 'accept-encoding, accept',
446 verbose headers   'cf-cache-status': 'HIT',
446 verbose headers   'cf-request-id': '07be4249c60000cc46809ba000000001',
446 verbose headers   'expect-ct': 'max-age=604800, report-uri="https://report-uri.cloudflare.com/cdn-cgi/beacon/expect-ct"',
446 verbose headers   server: 'cloudflare',
446 verbose headers   'content-encoding': 'gzip' }
447 silly get cb [ 200,
447 silly get   { date: 'Tue, 19 Jan 2021 21:59:46 GMT',
447 silly get     'content-type': 'application/json',
447 silly get     'transfer-encoding': 'chunked',
447 silly get     connection: 'keep-alive',
447 silly get     'set-cookie':
447 silly get      [ '__cfduid=da7df7ffde626070048a24947207ba5e51611093586; expires=Thu, 18-Feb-21 21:59:46 GMT; path=/; domain=.npmjs.org; HttpOnly; SameSite=Lax' ],
447 silly get     'cf-ray': '6143d322da09cc46-ZRH',
447 silly get     age: '4920',
447 silly get     'cache-control': 'public, max-age=300',
447 silly get     etag: 'W/"671a39c4964ba1efd19043cb3cfd8452"',
447 silly get     'last-modified': 'Fri, 09 Aug 2019 05:47:49 GMT',
447 silly get     vary: 'accept-encoding, accept',
447 silly get     'cf-cache-status': 'HIT',
447 silly get     'cf-request-id': '07be4249c60000cc46809ba000000001',
447 silly get     'expect-ct': 'max-age=604800, report-uri="https://report-uri.cloudflare.com/cdn-cgi/beacon/expect-ct"',
447 silly get     server: 'cloudflare',
447 silly get     'content-encoding': 'gzip' } ]
448 verbose get saving wrappy to /home/lee/.npm/registry.npmjs.org/wrappy/.cache.json
449 silly resolveWithNewModule wrappy@1.0.2 checking installable status
450 silly cache add args [ 'wrappy@1', null ]
451 verbose cache add spec wrappy@1
452 silly cache add parsed spec Result {
452 silly cache add   raw: 'wrappy@1',
452 silly cache add   scope: null,
452 silly cache add   name: 'wrappy',
452 silly cache add   rawSpec: '1',
452 silly cache add   spec: '>=1.0.0 <2.0.0',
452 silly cache add   type: 'range' }
453 silly addNamed wrappy@>=1.0.0 <2.0.0
454 verbose addNamed ">=1.0.0 <2.0.0" is a valid semver range for wrappy
455 silly addNameRange { name: 'wrappy', range: '>=1.0.0 <2.0.0', hasData: false }
456 silly mapToRegistry name wrappy
457 silly mapToRegistry using default registry
458 silly mapToRegistry registry https://registry.npmjs.org/
459 silly mapToRegistry uri https://registry.npmjs.org/wrappy
460 verbose addNameRange registry:https://registry.npmjs.org/wrappy not in flight; fetching
461 verbose get https://registry.npmjs.org/wrappy not expired, no request
462 silly addNameRange number 2 { name: 'wrappy', range: '>=1.0.0 <2.0.0', hasData: true }
463 silly addNameRange versions [ 'wrappy', [ '1.0.0', '1.0.1', '1.0.2' ] ]
464 silly addNamed wrappy@1.0.2
465 verbose addNamed "1.0.2" is a plain semver version for wrappy
466 silly mapToRegistry name wrappy
467 silly mapToRegistry using default registry
468 silly mapToRegistry registry https://registry.npmjs.org/
469 silly mapToRegistry uri https://registry.npmjs.org/wrappy
470 verbose addRemoteTarball https://registry.npmjs.org/wrappy/-/wrappy-1.0.2.tgz not in flight; adding
471 verbose addRemoteTarball [ 'https://registry.npmjs.org/wrappy/-/wrappy-1.0.2.tgz',
471 verbose addRemoteTarball   'b5243d8f3ec1aa35f1364605bc0d1036e30ab69f' ]
472 info retry fetch attempt 1 at 10:59:48 PM
473 info attempt registry request try #1 at 10:59:48 PM
474 http fetch GET https://registry.npmjs.org/wrappy/-/wrappy-1.0.2.tgz
475 http fetch 200 https://registry.npmjs.org/wrappy/-/wrappy-1.0.2.tgz
476 silly fetchAndShaCheck shasum b5243d8f3ec1aa35f1364605bc0d1036e30ab69f
477 verbose addTmpTarball /tmp/npm-1761-04851a1d/registry.npmjs.org/wrappy/-/wrappy-1.0.2.tgz not in flight; adding
478 verbose addTmpTarball already have metadata; skipping unpack for wrappy@1.0.2
479 silly cache afterAdd wrappy@1.0.2
480 verbose afterAdd /home/lee/.npm/wrappy/1.0.2/package/package.json not in flight; writing
481 verbose afterAdd /home/lee/.npm/wrappy/1.0.2/package/package.json written
482 silly fetchNamedPackageData brace-expansion
483 silly mapToRegistry name brace-expansion
484 silly mapToRegistry using default registry
485 silly mapToRegistry registry https://registry.npmjs.org/
486 silly mapToRegistry uri https://registry.npmjs.org/brace-expansion
487 verbose request uri https://registry.npmjs.org/brace-expansion
488 verbose request no auth needed
489 info attempt registry request try #1 at 10:59:48 PM
490 http request GET https://registry.npmjs.org/brace-expansion
491 http 200 https://registry.npmjs.org/brace-expansion
492 verbose headers { date: 'Tue, 19 Jan 2021 21:59:46 GMT',
492 verbose headers   'content-type': 'application/json',
492 verbose headers   'transfer-encoding': 'chunked',
492 verbose headers   connection: 'keep-alive',
492 verbose headers   'set-cookie':
492 verbose headers    [ '__cfduid=dcbf58faf3982707eb469556aee0d0ba51611093586; expires=Thu, 18-Feb-21 21:59:46 GMT; path=/; domain=.npmjs.org; HttpOnly; SameSite=Lax' ],
492 verbose headers   'cf-ray': '6143d3236f4b2355-ZRH',
492 verbose headers   age: '510',
492 verbose headers   'cache-control': 'public, max-age=300',
492 verbose headers   etag: 'W/"7945a48b5d7a231db64fef8d971b2ad5"',
492 verbose headers   'last-modified': 'Mon, 05 Oct 2020 11:41:15 GMT',
492 verbose headers   vary: 'accept-encoding, accept',
492 verbose headers   'cf-cache-status': 'HIT',
492 verbose headers   'cf-request-id': '07be424a1f00002355fe385000000001',
492 verbose headers   'expect-ct': 'max-age=604800, report-uri="https://report-uri.cloudflare.com/cdn-cgi/beacon/expect-ct"',
492 verbose headers   server: 'cloudflare',
492 verbose headers   'content-encoding': 'gzip' }
493 silly get cb [ 200,
493 silly get   { date: 'Tue, 19 Jan 2021 21:59:46 GMT',
493 silly get     'content-type': 'application/json',
493 silly get     'transfer-encoding': 'chunked',
493 silly get     connection: 'keep-alive',
493 silly get     'set-cookie':
493 silly get      [ '__cfduid=dcbf58faf3982707eb469556aee0d0ba51611093586; expires=Thu, 18-Feb-21 21:59:46 GMT; path=/; domain=.npmjs.org; HttpOnly; SameSite=Lax' ],
493 silly get     'cf-ray': '6143d3236f4b2355-ZRH',
493 silly get     age: '510',
493 silly get     'cache-control': 'public, max-age=300',
493 silly get     etag: 'W/"7945a48b5d7a231db64fef8d971b2ad5"',
493 silly get     'last-modified': 'Mon, 05 Oct 2020 11:41:15 GMT',
493 silly get     vary: 'accept-encoding, accept',
493 silly get     'cf-cache-status': 'HIT',
493 silly get     'cf-request-id': '07be424a1f00002355fe385000000001',
493 silly get     'expect-ct': 'max-age=604800, report-uri="https://report-uri.cloudflare.com/cdn-cgi/beacon/expect-ct"',
493 silly get     server: 'cloudflare',
493 silly get     'content-encoding': 'gzip' } ]
494 verbose get saving brace-expansion to /home/lee/.npm/registry.npmjs.org/brace-expansion/.cache.json
495 silly resolveWithNewModule brace-expansion@1.1.11 checking installable status
496 silly cache add args [ 'brace-expansion@^1.1.7', null ]
497 verbose cache add spec brace-expansion@^1.1.7
498 silly cache add parsed spec Result {
498 silly cache add   raw: 'brace-expansion@^1.1.7',
498 silly cache add   scope: null,
498 silly cache add   name: 'brace-expansion',
498 silly cache add   rawSpec: '^1.1.7',
498 silly cache add   spec: '>=1.1.7 <2.0.0',
498 silly cache add   type: 'range' }
499 silly addNamed brace-expansion@>=1.1.7 <2.0.0
500 verbose addNamed ">=1.1.7 <2.0.0" is a valid semver range for brace-expansion
501 silly addNameRange { name: 'brace-expansion',
501 silly addNameRange   range: '>=1.1.7 <2.0.0',
501 silly addNameRange   hasData: false }
502 silly mapToRegistry name brace-expansion
503 silly mapToRegistry using default registry
504 silly mapToRegistry registry https://registry.npmjs.org/
505 silly mapToRegistry uri https://registry.npmjs.org/brace-expansion
506 verbose addNameRange registry:https://registry.npmjs.org/brace-expansion not in flight; fetching
507 verbose get https://registry.npmjs.org/brace-expansion not expired, no request
508 silly addNameRange number 2 { name: 'brace-expansion',
508 silly addNameRange   range: '>=1.1.7 <2.0.0',
508 silly addNameRange   hasData: true }
509 silly addNameRange versions [ 'brace-expansion',
509 silly addNameRange   [ '0.0.0',
509 silly addNameRange     '1.0.0',
509 silly addNameRange     '1.0.1',
509 silly addNameRange     '1.1.0',
509 silly addNameRange     '1.1.1',
509 silly addNameRange     '1.1.2',
509 silly addNameRange     '1.1.3',
509 silly addNameRange     '1.1.4',
509 silly addNameRange     '1.1.5',
509 silly addNameRange     '1.1.6',
509 silly addNameRange     '1.1.7',
509 silly addNameRange     '1.1.8',
509 silly addNameRange     '1.1.9',
509 silly addNameRange     '1.1.10',
509 silly addNameRange     '1.1.11',
509 silly addNameRange     '2.0.0' ] ]
510 silly addNamed brace-expansion@1.1.11
511 verbose addNamed "1.1.11" is a plain semver version for brace-expansion
512 silly mapToRegistry name brace-expansion
513 silly mapToRegistry using default registry
514 silly mapToRegistry registry https://registry.npmjs.org/
515 silly mapToRegistry uri https://registry.npmjs.org/brace-expansion
516 verbose addRemoteTarball https://registry.npmjs.org/brace-expansion/-/brace-expansion-1.1.11.tgz not in flight; adding
517 verbose addRemoteTarball [ 'https://registry.npmjs.org/brace-expansion/-/brace-expansion-1.1.11.tgz',
517 verbose addRemoteTarball   '3c7fcbf529d87226f3d2f52b966ff5271eb441dd' ]
518 info retry fetch attempt 1 at 10:59:48 PM
519 info attempt registry request try #1 at 10:59:48 PM
520 http fetch GET https://registry.npmjs.org/brace-expansion/-/brace-expansion-1.1.11.tgz
521 http fetch 200 https://registry.npmjs.org/brace-expansion/-/brace-expansion-1.1.11.tgz
522 silly fetchAndShaCheck shasum 3c7fcbf529d87226f3d2f52b966ff5271eb441dd
523 verbose addTmpTarball /tmp/npm-1761-04851a1d/registry.npmjs.org/brace-expansion/-/brace-expansion-1.1.11.tgz not in flight; adding
524 verbose addTmpTarball already have metadata; skipping unpack for brace-expansion@1.1.11
525 silly cache afterAdd brace-expansion@1.1.11
526 verbose afterAdd /home/lee/.npm/brace-expansion/1.1.11/package/package.json not in flight; writing
527 verbose afterAdd /home/lee/.npm/brace-expansion/1.1.11/package/package.json written
528 silly fetchNamedPackageData balanced-match
529 silly mapToRegistry name balanced-match
530 silly mapToRegistry using default registry
531 silly mapToRegistry registry https://registry.npmjs.org/
532 silly mapToRegistry uri https://registry.npmjs.org/balanced-match
533 silly fetchNamedPackageData concat-map
534 silly mapToRegistry name concat-map
535 silly mapToRegistry using default registry
536 silly mapToRegistry registry https://registry.npmjs.org/
537 silly mapToRegistry uri https://registry.npmjs.org/concat-map
538 verbose request uri https://registry.npmjs.org/balanced-match
539 verbose request no auth needed
540 info attempt registry request try #1 at 10:59:48 PM
541 http request GET https://registry.npmjs.org/balanced-match
542 verbose request uri https://registry.npmjs.org/concat-map
543 verbose request no auth needed
544 info attempt registry request try #1 at 10:59:48 PM
545 http request GET https://registry.npmjs.org/concat-map
546 http 200 https://registry.npmjs.org/balanced-match
547 verbose headers { date: 'Tue, 19 Jan 2021 21:59:46 GMT',
547 verbose headers   'content-type': 'application/json; charset=UTF-8',
547 verbose headers   'transfer-encoding': 'chunked',
547 verbose headers   connection: 'keep-alive',
547 verbose headers   'set-cookie':
547 verbose headers    [ '__cfduid=dba1b1395d7f4390f8dcbdaca7c9896071611093586; expires=Thu, 18-Feb-21 21:59:46 GMT; path=/; domain=.npmjs.org; HttpOnly; SameSite=Lax' ],
547 verbose headers   'cf-ray': '6143d323ff5fcc5a-ZRH',
547 verbose headers   age: '2515',
547 verbose headers   'cache-control': 'public, max-age=300',
547 verbose headers   etag: 'W/"768eec147806bc710f6b097c6384abbf"',
547 verbose headers   'last-modified': 'Sat, 26 May 2018 18:06:43 GMT',
547 verbose headers   vary: 'accept-encoding, accept',
547 verbose headers   'cf-cache-status': 'HIT',
547 verbose headers   'cf-request-id': '07be424a7f0000cc5af01d5000000001',
547 verbose headers   'expect-ct': 'max-age=604800, report-uri="https://report-uri.cloudflare.com/cdn-cgi/beacon/expect-ct"',
547 verbose headers   server: 'cloudflare',
547 verbose headers   'content-encoding': 'gzip' }
548 silly get cb [ 200,
548 silly get   { date: 'Tue, 19 Jan 2021 21:59:46 GMT',
548 silly get     'content-type': 'application/json; charset=UTF-8',
548 silly get     'transfer-encoding': 'chunked',
548 silly get     connection: 'keep-alive',
548 silly get     'set-cookie':
548 silly get      [ '__cfduid=dba1b1395d7f4390f8dcbdaca7c9896071611093586; expires=Thu, 18-Feb-21 21:59:46 GMT; path=/; domain=.npmjs.org; HttpOnly; SameSite=Lax' ],
548 silly get     'cf-ray': '6143d323ff5fcc5a-ZRH',
548 silly get     age: '2515',
548 silly get     'cache-control': 'public, max-age=300',
548 silly get     etag: 'W/"768eec147806bc710f6b097c6384abbf"',
548 silly get     'last-modified': 'Sat, 26 May 2018 18:06:43 GMT',
548 silly get     vary: 'accept-encoding, accept',
548 silly get     'cf-cache-status': 'HIT',
548 silly get     'cf-request-id': '07be424a7f0000cc5af01d5000000001',
548 silly get     'expect-ct': 'max-age=604800, report-uri="https://report-uri.cloudflare.com/cdn-cgi/beacon/expect-ct"',
548 silly get     server: 'cloudflare',
548 silly get     'content-encoding': 'gzip' } ]
549 verbose get saving balanced-match to /home/lee/.npm/registry.npmjs.org/balanced-match/.cache.json
550 http 200 https://registry.npmjs.org/concat-map
551 verbose headers { date: 'Tue, 19 Jan 2021 21:59:46 GMT',
551 verbose headers   'content-type': 'application/json; charset=UTF-8',
551 verbose headers   'transfer-encoding': 'chunked',
551 verbose headers   connection: 'keep-alive',
551 verbose headers   'set-cookie':
551 verbose headers    [ '__cfduid=d8b47c55c5d46d897ea2896dbc2d08e1a1611093586; expires=Thu, 18-Feb-21 21:59:46 GMT; path=/; domain=.npmjs.org; HttpOnly; SameSite=Lax' ],
551 verbose headers   'cf-ray': '6143d323fef8cc36-ZRH',
551 verbose headers   age: '2515',
551 verbose headers   'cache-control': 'public, max-age=300',
551 verbose headers   etag: 'W/"94c413d99b46c784f563e6153e58a1d4"',
551 verbose headers   'last-modified': 'Sat, 26 May 2018 20:40:55 GMT',
551 verbose headers   vary: 'accept-encoding, accept',
551 verbose headers   'cf-cache-status': 'HIT',
551 verbose headers   'cf-request-id': '07be424a7e0000cc3650180000000001',
551 verbose headers   'expect-ct': 'max-age=604800, report-uri="https://report-uri.cloudflare.com/cdn-cgi/beacon/expect-ct"',
551 verbose headers   server: 'cloudflare',
551 verbose headers   'content-encoding': 'gzip' }
552 silly get cb [ 200,
552 silly get   { date: 'Tue, 19 Jan 2021 21:59:46 GMT',
552 silly get     'content-type': 'application/json; charset=UTF-8',
552 silly get     'transfer-encoding': 'chunked',
552 silly get     connection: 'keep-alive',
552 silly get     'set-cookie':
552 silly get      [ '__cfduid=d8b47c55c5d46d897ea2896dbc2d08e1a1611093586; expires=Thu, 18-Feb-21 21:59:46 GMT; path=/; domain=.npmjs.org; HttpOnly; SameSite=Lax' ],
552 silly get     'cf-ray': '6143d323fef8cc36-ZRH',
552 silly get     age: '2515',
552 silly get     'cache-control': 'public, max-age=300',
552 silly get     etag: 'W/"94c413d99b46c784f563e6153e58a1d4"',
552 silly get     'last-modified': 'Sat, 26 May 2018 20:40:55 GMT',
552 silly get     vary: 'accept-encoding, accept',
552 silly get     'cf-cache-status': 'HIT',
552 silly get     'cf-request-id': '07be424a7e0000cc3650180000000001',
552 silly get     'expect-ct': 'max-age=604800, report-uri="https://report-uri.cloudflare.com/cdn-cgi/beacon/expect-ct"',
552 silly get     server: 'cloudflare',
552 silly get     'content-encoding': 'gzip' } ]
553 verbose get saving concat-map to /home/lee/.npm/registry.npmjs.org/concat-map/.cache.json
554 silly resolveWithNewModule concat-map@0.0.1 checking installable status
555 silly cache add args [ 'concat-map@0.0.1', null ]
556 verbose cache add spec concat-map@0.0.1
557 silly cache add parsed spec Result {
557 silly cache add   raw: 'concat-map@0.0.1',
557 silly cache add   scope: null,
557 silly cache add   name: 'concat-map',
557 silly cache add   rawSpec: '0.0.1',
557 silly cache add   spec: '0.0.1',
557 silly cache add   type: 'version' }
558 silly addNamed concat-map@0.0.1
559 verbose addNamed "0.0.1" is a plain semver version for concat-map
560 silly mapToRegistry name concat-map
561 silly mapToRegistry using default registry
562 silly mapToRegistry registry https://registry.npmjs.org/
563 silly mapToRegistry uri https://registry.npmjs.org/concat-map
564 verbose addNameVersion registry:https://registry.npmjs.org/concat-map not in flight; fetching
565 verbose get https://registry.npmjs.org/concat-map not expired, no request
566 silly mapToRegistry name concat-map
567 silly mapToRegistry using default registry
568 silly mapToRegistry registry https://registry.npmjs.org/
569 silly mapToRegistry uri https://registry.npmjs.org/concat-map
570 verbose addRemoteTarball https://registry.npmjs.org/concat-map/-/concat-map-0.0.1.tgz not in flight; adding
571 verbose addRemoteTarball [ 'https://registry.npmjs.org/concat-map/-/concat-map-0.0.1.tgz',
571 verbose addRemoteTarball   'd8a96bd77fd68df7793a73036a3ba0d5405d477b' ]
572 silly resolveWithNewModule balanced-match@1.0.0 checking installable status
573 silly cache add args [ 'balanced-match@^1.0.0', null ]
574 verbose cache add spec balanced-match@^1.0.0
575 silly cache add parsed spec Result {
575 silly cache add   raw: 'balanced-match@^1.0.0',
575 silly cache add   scope: null,
575 silly cache add   name: 'balanced-match',
575 silly cache add   rawSpec: '^1.0.0',
575 silly cache add   spec: '>=1.0.0 <2.0.0',
575 silly cache add   type: 'range' }
576 silly addNamed balanced-match@>=1.0.0 <2.0.0
577 verbose addNamed ">=1.0.0 <2.0.0" is a valid semver range for balanced-match
578 silly addNameRange { name: 'balanced-match',
578 silly addNameRange   range: '>=1.0.0 <2.0.0',
578 silly addNameRange   hasData: false }
579 silly mapToRegistry name balanced-match
580 silly mapToRegistry using default registry
581 silly mapToRegistry registry https://registry.npmjs.org/
582 silly mapToRegistry uri https://registry.npmjs.org/balanced-match
583 verbose addNameRange registry:https://registry.npmjs.org/balanced-match not in flight; fetching
584 info retry fetch attempt 1 at 10:59:48 PM
585 info attempt registry request try #1 at 10:59:48 PM
586 http fetch GET https://registry.npmjs.org/concat-map/-/concat-map-0.0.1.tgz
587 verbose get https://registry.npmjs.org/balanced-match not expired, no request
588 silly addNameRange number 2 { name: 'balanced-match',
588 silly addNameRange   range: '>=1.0.0 <2.0.0',
588 silly addNameRange   hasData: true }
589 silly addNameRange versions [ 'balanced-match',
589 silly addNameRange   [ '0.0.0',
589 silly addNameRange     '0.0.1',
589 silly addNameRange     '0.1.0',
589 silly addNameRange     '0.2.0',
589 silly addNameRange     '0.2.1',
589 silly addNameRange     '0.3.0',
589 silly addNameRange     '0.4.0',
589 silly addNameRange     '0.4.1',
589 silly addNameRange     '0.4.2',
589 silly addNameRange     '1.0.0' ] ]
590 silly addNamed balanced-match@1.0.0
591 verbose addNamed "1.0.0" is a plain semver version for balanced-match
592 silly mapToRegistry name balanced-match
593 silly mapToRegistry using default registry
594 silly mapToRegistry registry https://registry.npmjs.org/
595 silly mapToRegistry uri https://registry.npmjs.org/balanced-match
596 verbose addRemoteTarball https://registry.npmjs.org/balanced-match/-/balanced-match-1.0.0.tgz not in flight; adding
597 verbose addRemoteTarball [ 'https://registry.npmjs.org/balanced-match/-/balanced-match-1.0.0.tgz',
597 verbose addRemoteTarball   '89b4d199ab2bee49de164ea02b89ce462d71b767' ]
598 info retry fetch attempt 1 at 10:59:48 PM
599 info attempt registry request try #1 at 10:59:48 PM
600 http fetch GET https://registry.npmjs.org/balanced-match/-/balanced-match-1.0.0.tgz
601 http fetch 200 https://registry.npmjs.org/concat-map/-/concat-map-0.0.1.tgz
602 silly fetchAndShaCheck shasum d8a96bd77fd68df7793a73036a3ba0d5405d477b
603 verbose addTmpTarball /tmp/npm-1761-04851a1d/registry.npmjs.org/concat-map/-/concat-map-0.0.1.tgz not in flight; adding
604 verbose addTmpTarball already have metadata; skipping unpack for concat-map@0.0.1
605 http fetch 200 https://registry.npmjs.org/balanced-match/-/balanced-match-1.0.0.tgz
606 silly fetchAndShaCheck shasum 89b4d199ab2bee49de164ea02b89ce462d71b767
607 verbose addTmpTarball /tmp/npm-1761-04851a1d/registry.npmjs.org/balanced-match/-/balanced-match-1.0.0.tgz not in flight; adding
608 verbose addTmpTarball already have metadata; skipping unpack for balanced-match@1.0.0
609 silly cache afterAdd concat-map@0.0.1
610 verbose afterAdd /home/lee/.npm/concat-map/0.0.1/package/package.json not in flight; writing
611 verbose afterAdd /home/lee/.npm/concat-map/0.0.1/package/package.json written
612 silly cache afterAdd balanced-match@1.0.0
613 verbose afterAdd /home/lee/.npm/balanced-match/1.0.0/package/package.json not in flight; writing
614 verbose afterAdd /home/lee/.npm/balanced-match/1.0.0/package/package.json written
615 silly loadAllDepsIntoIdealTree Finishing
616 silly idealTree:prePrune lib
616 silly idealTree:prePrune  jasmine@3.6.4
616 silly idealTree:prePrune    balanced-match@1.0.0
616 silly idealTree:prePrune    brace-expansion@1.1.11
616 silly idealTree:prePrune    concat-map@0.0.1
616 silly idealTree:prePrune    fs.realpath@1.0.0
616 silly idealTree:prePrune    glob@7.1.6
616 silly idealTree:prePrune    inflight@1.0.6
616 silly idealTree:prePrune    inherits@2.0.4
616 silly idealTree:prePrune    jasmine-core@3.6.0
616 silly idealTree:prePrune    minimatch@3.0.4
616 silly idealTree:prePrune    once@1.4.0
616 silly idealTree:prePrune    path-is-absolute@1.0.1
616 silly idealTree:prePrune    wrappy@1.0.2
617 silly loadIdealTree Finishing
618 silly currentTree lib
619 silly idealTree lib
619 silly idealTree  jasmine@3.6.4
619 silly idealTree    balanced-match@1.0.0
619 silly idealTree    brace-expansion@1.1.11
619 silly idealTree    concat-map@0.0.1
619 silly idealTree    fs.realpath@1.0.0
619 silly idealTree    glob@7.1.6
619 silly idealTree    inflight@1.0.6
619 silly idealTree    inherits@2.0.4
619 silly idealTree    jasmine-core@3.6.0
619 silly idealTree    minimatch@3.0.4
619 silly idealTree    once@1.4.0
619 silly idealTree    path-is-absolute@1.0.1
619 silly idealTree    wrappy@1.0.2
620 silly generateActionsToTake Starting
621 silly install generateActionsToTake
622 warn checkPermissions Missing write access to /usr/local/lib
623 silly rollbackFailedOptional Starting
624 silly rollbackFailedOptional Finishing
625 silly runTopLevelLifecycles Starting
626 silly runTopLevelLifecycles Finishing
627 silly install printInstalled
628 verbose stack Error: EACCES: permission denied, access '/usr/local/lib'
629 verbose cwd /home/lee/Documents/Odin/RockPaperScissors
630 error Linux 4.15.0-130-generic
631 error argv "/usr/bin/node" "/usr/bin/npm" "install" "-g" "jasmine"
632 error node v8.10.0
633 error npm  v3.5.2
634 error path /usr/local/lib
635 error code EACCES
636 error errno -13
637 error syscall access
638 error Error: EACCES: permission denied, access '/usr/local/lib'
638 error  { Error: EACCES: permission denied, access '/usr/local/lib'
638 error   errno: -13,
638 error   code: 'EACCES',
638 error   syscall: 'access',
638 error   path: '/usr/local/lib' }
639 error Please try running this command again as root/Administrator.
640 verbose exit [ -13, true ]
